{"/home/vm1/MATH-API/server.js": {"path":"/home/vm1/MATH-API/server.js","statementMap":{"0":{"start":{"line":1,"column":16},"end":{"line":1,"column":34}},"1":{"start":{"line":3,"column":12},"end":{"line":3,"column":21}},"2":{"start":{"line":5,"column":0},"end":{"line":5,"column":28}},"3":{"start":{"line":7,"column":19},"end":{"line":7,"column":49}},"4":{"start":{"line":9,"column":0},"end":{"line":9,"column":24}},"5":{"start":{"line":11,"column":0},"end":{"line":11,"column":25}},"6":{"start":{"line":13,"column":13},"end":{"line":13,"column":37}},"7":{"start":{"line":15,"column":0},"end":{"line":19,"column":1}},"8":{"start":{"line":16,"column":4},"end":{"line":18,"column":7}},"9":{"start":{"line":17,"column":8},"end":{"line":17,"column":54}},"10":{"start":{"line":20,"column":0},"end":{"line":20,"column":21}}},"fnMap":{"0":{"name":"(anonymous_0)","decl":{"start":{"line":16,"column":21},"end":{"line":16,"column":22}},"loc":{"start":{"line":16,"column":27},"end":{"line":18,"column":5}},"line":16}},"branchMap":{"0":{"loc":{"start":{"line":13,"column":13},"end":{"line":13,"column":37}},"type":"binary-expr","locations":[{"start":{"line":13,"column":13},"end":{"line":13,"column":29}},{"start":{"line":13,"column":33},"end":{"line":13,"column":37}}],"line":13},"1":{"loc":{"start":{"line":15,"column":0},"end":{"line":19,"column":1}},"type":"if","locations":[{"start":{"line":15,"column":0},"end":{"line":19,"column":1}},{"start":{},"end":{}}],"line":15}},"s":{"0":1,"1":1,"2":1,"3":1,"4":1,"5":1,"6":1,"7":1,"8":0,"9":0,"10":1},"f":{"0":0},"b":{"0":[1,1],"1":[0,1]},"_coverageSchema":"1a1c01bbd47fc00a2c39e90264f33305004495a9","hash":"b27e2a294a3293941baa92bd1b75e4d19c6d34a8"}
,"/home/vm1/MATH-API/Controllers/MathController.js": {"path":"/home/vm1/MATH-API/Controllers/MathController.js","statementMap":{"0":{"start":{"line":1,"column":0},"end":{"line":13,"column":2}},"1":{"start":{"line":2,"column":21},"end":{"line":2,"column":29}},"2":{"start":{"line":4,"column":0},"end":{"line":8,"column":1}},"3":{"start":{"line":5,"column":4},"end":{"line":7,"column":7}},"4":{"start":{"line":10,"column":4},"end":{"line":12,"column":7}},"5":{"start":{"line":14,"column":0},"end":{"line":26,"column":2}},"6":{"start":{"line":15,"column":21},"end":{"line":15,"column":29}},"7":{"start":{"line":17,"column":4},"end":{"line":21,"column":1}},"8":{"start":{"line":18,"column":4},"end":{"line":20,"column":7}},"9":{"start":{"line":23,"column":4},"end":{"line":25,"column":7}},"10":{"start":{"line":27,"column":0},"end":{"line":39,"column":2}},"11":{"start":{"line":28,"column":21},"end":{"line":28,"column":29}},"12":{"start":{"line":30,"column":4},"end":{"line":34,"column":1}},"13":{"start":{"line":31,"column":4},"end":{"line":33,"column":7}},"14":{"start":{"line":36,"column":4},"end":{"line":38,"column":7}},"15":{"start":{"line":40,"column":0},"end":{"line":58,"column":2}},"16":{"start":{"line":41,"column":21},"end":{"line":41,"column":29}},"17":{"start":{"line":43,"column":4},"end":{"line":47,"column":1}},"18":{"start":{"line":44,"column":4},"end":{"line":46,"column":7}},"19":{"start":{"line":49,"column":4},"end":{"line":53,"column":5}},"20":{"start":{"line":50,"column":8},"end":{"line":52,"column":11}},"21":{"start":{"line":55,"column":4},"end":{"line":57,"column":7}},"22":{"start":{"line":60,"column":0},"end":{"line":72,"column":2}},"23":{"start":{"line":61,"column":21},"end":{"line":61,"column":29}},"24":{"start":{"line":63,"column":4},"end":{"line":67,"column":1}},"25":{"start":{"line":64,"column":4},"end":{"line":66,"column":7}},"26":{"start":{"line":69,"column":4},"end":{"line":71,"column":7}},"27":{"start":{"line":74,"column":0},"end":{"line":93,"column":2}},"28":{"start":{"line":75,"column":18},"end":{"line":75,"column":26}},"29":{"start":{"line":77,"column":4},"end":{"line":81,"column":1}},"30":{"start":{"line":78,"column":4},"end":{"line":80,"column":7}},"31":{"start":{"line":84,"column":4},"end":{"line":88,"column":5}},"32":{"start":{"line":85,"column":8},"end":{"line":87,"column":11}},"33":{"start":{"line":90,"column":4},"end":{"line":92,"column":7}},"34":{"start":{"line":95,"column":0},"end":{"line":109,"column":2}},"35":{"start":{"line":96,"column":24},"end":{"line":96,"column":32}},"36":{"start":{"line":99,"column":4},"end":{"line":103,"column":5}},"37":{"start":{"line":100,"column":8},"end":{"line":102,"column":11}},"38":{"start":{"line":105,"column":18},"end":{"line":105,"column":60}},"39":{"start":{"line":105,"column":47},"end":{"line":105,"column":56}},"40":{"start":{"line":106,"column":16},"end":{"line":106,"column":38}},"41":{"start":{"line":108,"column":4},"end":{"line":108,"column":30}},"42":{"start":{"line":111,"column":0},"end":{"line":123,"column":2}},"43":{"start":{"line":112,"column":31},"end":{"line":112,"column":39}},"44":{"start":{"line":114,"column":4},"end":{"line":118,"column":5}},"45":{"start":{"line":115,"column":8},"end":{"line":117,"column":11}},"46":{"start":{"line":120,"column":19},"end":{"line":120,"column":42}},"47":{"start":{"line":122,"column":4},"end":{"line":122,"column":33}},"48":{"start":{"line":125,"column":0},"end":{"line":131,"column":2}},"49":{"start":{"line":126,"column":4},"end":{"line":130,"column":7}}},"fnMap":{"0":{"name":"(anonymous_0)","decl":{"start":{"line":1,"column":14},"end":{"line":1,"column":15}},"loc":{"start":{"line":1,"column":28},"end":{"line":13,"column":1}},"line":1},"1":{"name":"(anonymous_1)","decl":{"start":{"line":14,"column":19},"end":{"line":14,"column":20}},"loc":{"start":{"line":14,"column":33},"end":{"line":26,"column":1}},"line":14},"2":{"name":"(anonymous_2)","decl":{"start":{"line":27,"column":19},"end":{"line":27,"column":20}},"loc":{"start":{"line":27,"column":33},"end":{"line":39,"column":1}},"line":27},"3":{"name":"(anonymous_3)","decl":{"start":{"line":40,"column":17},"end":{"line":40,"column":18}},"loc":{"start":{"line":40,"column":31},"end":{"line":58,"column":1}},"line":40},"4":{"name":"(anonymous_4)","decl":{"start":{"line":60,"column":16},"end":{"line":60,"column":17}},"loc":{"start":{"line":60,"column":30},"end":{"line":72,"column":1}},"line":60},"5":{"name":"(anonymous_5)","decl":{"start":{"line":74,"column":15},"end":{"line":74,"column":16}},"loc":{"start":{"line":74,"column":29},"end":{"line":93,"column":1}},"line":74},"6":{"name":"(anonymous_6)","decl":{"start":{"line":95,"column":18},"end":{"line":95,"column":19}},"loc":{"start":{"line":95,"column":32},"end":{"line":109,"column":1}},"line":95},"7":{"name":"(anonymous_7)","decl":{"start":{"line":105,"column":33},"end":{"line":105,"column":34}},"loc":{"start":{"line":105,"column":47},"end":{"line":105,"column":56}},"line":105},"8":{"name":"(anonymous_8)","decl":{"start":{"line":111,"column":21},"end":{"line":111,"column":22}},"loc":{"start":{"line":111,"column":35},"end":{"line":123,"column":1}},"line":111},"9":{"name":"(anonymous_9)","decl":{"start":{"line":125,"column":22},"end":{"line":125,"column":23}},"loc":{"start":{"line":125,"column":36},"end":{"line":131,"column":1}},"line":125}},"branchMap":{"0":{"loc":{"start":{"line":4,"column":0},"end":{"line":8,"column":1}},"type":"if","locations":[{"start":{"line":4,"column":0},"end":{"line":8,"column":1}},{"start":{},"end":{}}],"line":4},"1":{"loc":{"start":{"line":4,"column":4},"end":{"line":4,"column":50}},"type":"binary-expr","locations":[{"start":{"line":4,"column":4},"end":{"line":4,"column":25}},{"start":{"line":4,"column":29},"end":{"line":4,"column":50}}],"line":4},"2":{"loc":{"start":{"line":17,"column":4},"end":{"line":21,"column":1}},"type":"if","locations":[{"start":{"line":17,"column":4},"end":{"line":21,"column":1}},{"start":{},"end":{}}],"line":17},"3":{"loc":{"start":{"line":17,"column":8},"end":{"line":17,"column":54}},"type":"binary-expr","locations":[{"start":{"line":17,"column":8},"end":{"line":17,"column":29}},{"start":{"line":17,"column":33},"end":{"line":17,"column":54}}],"line":17},"4":{"loc":{"start":{"line":30,"column":4},"end":{"line":34,"column":1}},"type":"if","locations":[{"start":{"line":30,"column":4},"end":{"line":34,"column":1}},{"start":{},"end":{}}],"line":30},"5":{"loc":{"start":{"line":30,"column":8},"end":{"line":30,"column":54}},"type":"binary-expr","locations":[{"start":{"line":30,"column":8},"end":{"line":30,"column":29}},{"start":{"line":30,"column":33},"end":{"line":30,"column":54}}],"line":30},"6":{"loc":{"start":{"line":43,"column":4},"end":{"line":47,"column":1}},"type":"if","locations":[{"start":{"line":43,"column":4},"end":{"line":47,"column":1}},{"start":{},"end":{}}],"line":43},"7":{"loc":{"start":{"line":43,"column":8},"end":{"line":43,"column":54}},"type":"binary-expr","locations":[{"start":{"line":43,"column":8},"end":{"line":43,"column":29}},{"start":{"line":43,"column":33},"end":{"line":43,"column":54}}],"line":43},"8":{"loc":{"start":{"line":49,"column":4},"end":{"line":53,"column":5}},"type":"if","locations":[{"start":{"line":49,"column":4},"end":{"line":53,"column":5}},{"start":{},"end":{}}],"line":49},"9":{"loc":{"start":{"line":63,"column":4},"end":{"line":67,"column":1}},"type":"if","locations":[{"start":{"line":63,"column":4},"end":{"line":67,"column":1}},{"start":{},"end":{}}],"line":63},"10":{"loc":{"start":{"line":63,"column":8},"end":{"line":63,"column":54}},"type":"binary-expr","locations":[{"start":{"line":63,"column":8},"end":{"line":63,"column":29}},{"start":{"line":63,"column":33},"end":{"line":63,"column":54}}],"line":63},"11":{"loc":{"start":{"line":77,"column":4},"end":{"line":81,"column":1}},"type":"if","locations":[{"start":{"line":77,"column":4},"end":{"line":81,"column":1}},{"start":{},"end":{}}],"line":77},"12":{"loc":{"start":{"line":84,"column":4},"end":{"line":88,"column":5}},"type":"if","locations":[{"start":{"line":84,"column":4},"end":{"line":88,"column":5}},{"start":{},"end":{}}],"line":84},"13":{"loc":{"start":{"line":99,"column":4},"end":{"line":103,"column":5}},"type":"if","locations":[{"start":{"line":99,"column":4},"end":{"line":103,"column":5}},{"start":{},"end":{}}],"line":99},"14":{"loc":{"start":{"line":99,"column":8},"end":{"line":99,"column":67}},"type":"binary-expr","locations":[{"start":{"line":99,"column":8},"end":{"line":99,"column":16}},{"start":{"line":99,"column":20},"end":{"line":99,"column":43}},{"start":{"line":99,"column":47},"end":{"line":99,"column":67}}],"line":99},"15":{"loc":{"start":{"line":114,"column":4},"end":{"line":118,"column":5}},"type":"if","locations":[{"start":{"line":114,"column":4},"end":{"line":118,"column":5}},{"start":{},"end":{}}],"line":114},"16":{"loc":{"start":{"line":114,"column":8},"end":{"line":114,"column":52}},"type":"binary-expr","locations":[{"start":{"line":114,"column":8},"end":{"line":114,"column":29}},{"start":{"line":114,"column":33},"end":{"line":114,"column":52}}],"line":114}},"s":{"0":1,"1":2,"2":2,"3":1,"4":1,"5":1,"6":2,"7":2,"8":1,"9":1,"10":1,"11":2,"12":2,"13":1,"14":1,"15":1,"16":2,"17":2,"18":0,"19":2,"20":1,"21":1,"22":1,"23":2,"24":2,"25":1,"26":1,"27":1,"28":2,"29":2,"30":0,"31":2,"32":1,"33":1,"34":1,"35":2,"36":2,"37":1,"38":1,"39":4,"40":1,"41":1,"42":1,"43":2,"44":2,"45":1,"46":1,"47":1,"48":1,"49":1},"f":{"0":2,"1":2,"2":2,"3":2,"4":2,"5":2,"6":2,"7":4,"8":2,"9":1},"b":{"0":[1,1],"1":[2,1],"2":[1,1],"3":[2,2],"4":[1,1],"5":[2,2],"6":[0,2],"7":[2,2],"8":[1,1],"9":[1,1],"10":[2,1],"11":[0,2],"12":[1,1],"13":[1,1],"14":[2,2,1],"15":[1,1],"16":[2,2]},"_coverageSchema":"1a1c01bbd47fc00a2c39e90264f33305004495a9","hash":"ebd25759ae2789c4e03a80b9d9f49720ae6e1931"}
,"/home/vm1/MATH-API/Routes/MathRoutes.js": {"path":"/home/vm1/MATH-API/Routes/MathRoutes.js","statementMap":{"0":{"start":{"line":1,"column":16},"end":{"line":1,"column":34}},"1":{"start":{"line":2,"column":15},"end":{"line":2,"column":31}},"2":{"start":{"line":4,"column":23},"end":{"line":4,"column":63}},"3":{"start":{"line":6,"column":0},"end":{"line":6,"column":40}},"4":{"start":{"line":7,"column":0},"end":{"line":7,"column":49}},"5":{"start":{"line":8,"column":0},"end":{"line":8,"column":50}},"6":{"start":{"line":9,"column":0},"end":{"line":9,"column":45}},"7":{"start":{"line":10,"column":0},"end":{"line":10,"column":43}},"8":{"start":{"line":11,"column":0},"end":{"line":11,"column":41}},"9":{"start":{"line":12,"column":0},"end":{"line":12,"column":43}},"10":{"start":{"line":13,"column":0},"end":{"line":13,"column":54}},"11":{"start":{"line":14,"column":0},"end":{"line":14,"column":50}},"12":{"start":{"line":19,"column":0},"end":{"line":19,"column":24}}},"fnMap":{},"branchMap":{},"s":{"0":1,"1":1,"2":1,"3":1,"4":1,"5":1,"6":1,"7":1,"8":1,"9":1,"10":1,"11":1,"12":1},"f":{},"b":{},"_coverageSchema":"1a1c01bbd47fc00a2c39e90264f33305004495a9","hash":"10a53e197c1edac99fe3203875661b1c619ea343"}
}
