TN:
SF:server.js
FN:16,(anonymous_0)
FNF:1
FNH:0
FNDA:0,(anonymous_0)
DA:1,1
DA:3,1
DA:5,1
DA:7,1
DA:9,1
DA:11,1
DA:13,1
DA:15,1
DA:16,0
DA:17,0
DA:20,1
LF:11
LH:9
BRDA:13,0,0,1
BRDA:13,0,1,1
BRDA:15,1,0,0
BRDA:15,1,1,1
BRF:4
BRH:3
end_of_record
TN:
SF:Controllers/MathController.js
FN:1,(anonymous_0)
FN:14,(anonymous_1)
FN:27,(anonymous_2)
FN:40,(anonymous_3)
FN:60,(anonymous_4)
FN:74,(anonymous_5)
FN:95,(anonymous_6)
FN:105,(anonymous_7)
FN:111,(anonymous_8)
FN:125,(anonymous_9)
FNF:10
FNH:10
FNDA:2,(anonymous_0)
FNDA:2,(anonymous_1)
FNDA:2,(anonymous_2)
FNDA:2,(anonymous_3)
FNDA:2,(anonymous_4)
FNDA:2,(anonymous_5)
FNDA:2,(anonymous_6)
FNDA:4,(anonymous_7)
FNDA:2,(anonymous_8)
FNDA:1,(anonymous_9)
DA:1,1
DA:2,2
DA:4,2
DA:5,1
DA:10,1
DA:14,1
DA:15,2
DA:17,2
DA:18,1
DA:23,1
DA:27,1
DA:28,2
DA:30,2
DA:31,1
DA:36,1
DA:40,1
DA:41,2
DA:43,2
DA:44,0
DA:49,2
DA:50,1
DA:55,1
DA:60,1
DA:61,2
DA:63,2
DA:64,1
DA:69,1
DA:74,1
DA:75,2
DA:77,2
DA:78,0
DA:84,2
DA:85,1
DA:90,1
DA:95,1
DA:96,2
DA:99,2
DA:100,1
DA:105,4
DA:106,1
DA:108,1
DA:111,1
DA:112,2
DA:114,2
DA:115,1
DA:120,1
DA:122,1
DA:125,1
DA:126,1
LF:49
LH:47
BRDA:4,0,0,1
BRDA:4,0,1,1
BRDA:4,1,0,2
BRDA:4,1,1,1
BRDA:17,2,0,1
BRDA:17,2,1,1
BRDA:17,3,0,2
BRDA:17,3,1,2
BRDA:30,4,0,1
BRDA:30,4,1,1
BRDA:30,5,0,2
BRDA:30,5,1,2
BRDA:43,6,0,0
BRDA:43,6,1,2
BRDA:43,7,0,2
BRDA:43,7,1,2
BRDA:49,8,0,1
BRDA:49,8,1,1
BRDA:63,9,0,1
BRDA:63,9,1,1
BRDA:63,10,0,2
BRDA:63,10,1,1
BRDA:77,11,0,0
BRDA:77,11,1,2
BRDA:84,12,0,1
BRDA:84,12,1,1
BRDA:99,13,0,1
BRDA:99,13,1,1
BRDA:99,14,0,2
BRDA:99,14,1,2
BRDA:99,14,2,1
BRDA:114,15,0,1
BRDA:114,15,1,1
BRDA:114,16,0,2
BRDA:114,16,1,2
BRF:35
BRH:33
end_of_record
TN:
SF:Routes/MathRoutes.js
FNF:0
FNH:0
DA:1,1
DA:2,1
DA:4,1
DA:6,1
DA:7,1
DA:8,1
DA:9,1
DA:10,1
DA:11,1
DA:12,1
DA:13,1
DA:14,1
DA:19,1
LF:13
LH:13
BRF:0
BRH:0
end_of_record
